2024-01-31 18:14:29,473 - root - INFO - ********************** Test_001_Login ************************
2024-01-31 18:14:29,473 - root - INFO - ********************** Verifying Home Page Title  ************************
2024-01-31 18:14:31,688 - root - INFO - ********************** Home Page Title test case is passed ************************
2024-01-31 18:14:33,250 - root - INFO - ********************** Verifying Log in  ************************
2024-01-31 18:14:39,686 - root - INFO - ********************** Login Test case passed  ************************
2024-01-31 18:21:57,685 - root - INFO - ********************** Test_001_Login ************************
2024-01-31 18:21:57,685 - root - INFO - ********************** Verifying Home Page Title  ************************
2024-01-31 18:22:00,443 - root - ERROR - ********************** Home Page Title test case is failed ************************
2024-01-31 18:22:02,053 - root - INFO - ********************** Verifying Log in  ************************
2024-01-31 18:22:07,512 - root - INFO - ********************** Login Test case passed  ************************
2024-01-31 19:34:27,731 - root - INFO - ********************** Test_001_Login ************************
2024-01-31 19:34:27,741 - root - INFO - ********************** Verifying Home Page Title  ************************
2024-01-31 19:34:30,129 - root - INFO - ********************** Home Page Title test case is passed ************************
2024-01-31 19:34:31,672 - root - INFO - ********************** Verifying Log in  ************************
2024-01-31 19:34:38,332 - root - INFO - ********************** Login Test case passed  ************************
2024-01-31 19:35:20,882 - root - INFO - ********************** Test_001_Login ************************
2024-01-31 19:35:20,882 - root - INFO - ********************** Verifying Home Page Title  ************************
2024-01-31 19:35:26,417 - root - INFO - ********************** Home Page Title test case is passed ************************
2024-01-31 19:35:32,091 - root - INFO - ********************** Verifying Log in  ************************
2024-01-31 19:35:38,747 - root - INFO - ********************** Login Test case passed  ************************
2024-01-31 19:40:55,606 - root - INFO - ********************** Test_001_Login ************************
2024-01-31 19:40:55,606 - root - INFO - ********************** Verifying Home Page Title  ************************
2024-01-31 19:40:55,654 - root - INFO - ********************** Verifying Log in  ************************
2024-01-31 19:41:39,022 - root - INFO - ********************** Test_001_Login ************************
2024-01-31 19:41:39,022 - root - INFO - ********************** Verifying Home Page Title  ************************
2024-01-31 19:41:39,067 - root - INFO - ********************** Verifying Log in  ************************
2024-01-31 19:42:12,172 - root - INFO - ********************** Test_001_Login ************************
2024-01-31 19:42:12,172 - root - INFO - ********************** Verifying Home Page Title  ************************
2024-01-31 19:42:12,235 - root - INFO - ********************** Verifying Log in  ************************
2024-01-31 19:42:52,977 - root - INFO - ********************** Test_001_Login ************************
2024-01-31 19:42:52,977 - root - INFO - ********************** Verifying Home Page Title  ************************
2024-01-31 19:42:53,039 - root - INFO - ********************** Verifying Log in  ************************
2024-01-31 19:43:39,583 - root - INFO - ********************** Test_001_Login ************************
2024-01-31 19:43:39,583 - root - INFO - ********************** Verifying Home Page Title  ************************
2024-01-31 19:43:39,662 - root - INFO - ********************** Verifying Log in  ************************
2024-01-31 19:45:09,540 - root - INFO - ********************** Test_001_Login ************************
2024-01-31 19:45:09,540 - root - INFO - ********************** Verifying Home Page Title  ************************
2024-01-31 19:45:12,531 - root - INFO - ********************** Home Page Title test case is passed ************************
2024-01-31 19:45:14,081 - root - INFO - ********************** Verifying Log in  ************************
2024-01-31 19:45:22,997 - root - INFO - ********************** Login Test case passed  ************************
2024-01-31 19:45:44,887 - root - INFO - ********************** Test_001_Login ************************
2024-01-31 19:45:44,887 - root - INFO - ********************** Verifying Home Page Title  ************************
2024-01-31 19:45:44,929 - root - INFO - ********************** Verifying Log in  ************************
2024-01-31 19:46:20,016 - root - INFO - ********************** Test_001_Login ************************
2024-01-31 19:46:20,016 - root - INFO - ********************** Verifying Home Page Title  ************************
2024-01-31 19:51:22,894 - root - INFO - ********************** Verifying Log in  ************************
2024-01-31 19:56:44,726 - root - INFO - ********************** Test_001_Login ************************
2024-01-31 19:56:44,726 - root - INFO - ********************** Verifying Home Page Title  ************************
2024-01-31 19:56:47,324 - root - INFO - ********************** Home Page Title test case is passed ************************
2024-01-31 19:56:48,774 - root - INFO - ********************** Verifying Log in  ************************
2024-01-31 19:56:54,367 - root - INFO - ********************** Login Test case passed  ************************
2024-01-31 19:58:47,020 - root - INFO - ********************** Test_001_Login ************************
2024-01-31 19:58:47,028 - root - INFO - ********************** Verifying Home Page Title  ************************
2024-01-31 19:58:47,083 - root - INFO - ********************** Verifying Log in  ************************
2024-01-31 19:58:49,997 - root - INFO - ********************** Home Page Title test case is passed ************************
2024-01-31 19:58:52,261 - root - INFO - ********************** Login Test case passed  ************************
2024-02-01 12:03:19,536 - root - INFO - ********************** Test_001_Login ************************
2024-02-01 12:03:19,537 - root - INFO - ********************** Verifying Home Page Title  ************************
2024-02-01 12:03:19,538 - root - INFO - ********************** Verifying Log in  ************************
2024-02-01 12:03:21,735 - root - INFO - ********************** Home Page Title test case is passed ************************
2024-02-01 12:03:24,286 - root - INFO - ********************** Login Test case passed  ************************
2024-02-01 12:15:25,232 - root - INFO - ********************** Test_001_Login ************************
2024-02-01 12:15:25,233 - root - INFO - ********************** Verifying Home Page Title  ************************
2024-02-01 12:15:25,235 - root - INFO - ********************** Verifying Log in  ************************
2024-02-01 12:15:27,281 - root - INFO - ********************** Home Page Title test case is passed ************************
2024-02-01 12:15:29,925 - root - INFO - ********************** Login Test case passed  ************************
2024-02-01 12:22:39,440 - root - INFO - ********************** Verifying Log in  ************************
2024-02-01 12:22:39,549 - root - INFO - ********************** Test_001_Login ************************
2024-02-01 12:22:39,549 - root - INFO - ********************** Verifying Home Page Title  ************************
2024-02-01 12:22:41,606 - root - INFO - ********************** Home Page Title test case is passed ************************
2024-02-01 12:22:42,941 - root - INFO - ********************** Login Test case passed  ************************
2024-02-01 12:24:13,635 - root - INFO - ********************** Test_001_Login ************************
2024-02-01 12:24:13,635 - root - INFO - ********************** Verifying Home Page Title  ************************
2024-02-01 12:24:13,679 - root - INFO - ********************** Verifying Log in  ************************
2024-02-01 12:24:15,051 - root - INFO - ********************** Home Page Title test case is passed ************************
2024-02-01 12:24:17,750 - root - INFO - ********************** Login Test case passed  ************************
2024-02-01 12:33:28,352 - root - INFO - ********************** Verifying Log in  ************************
2024-02-01 12:33:28,478 - root - INFO - ********************** Test_001_Login ************************
2024-02-01 12:33:28,479 - root - INFO - ********************** Verifying Home Page Title  ************************
2024-02-01 12:33:30,570 - root - INFO - ********************** Home Page Title test case is passed ************************
2024-02-01 12:33:32,050 - root - INFO - ********************** Login Test case passed  ************************
2024-02-01 14:05:49,336 - root - INFO - ********************** Test_002_DDT_Login  ************************
2024-02-01 14:05:49,338 - root - INFO - ********************** Verifying Login DDT Test  ************************
2024-02-01 14:05:58,847 - root - INFO - ***** Passed *****
2024-02-01 14:09:43,482 - root - INFO - ********************** Test_002_DDT_Login  ************************
2024-02-01 14:09:43,482 - root - INFO - ********************** Verifying Login DDT Test  ************************
2024-02-01 14:09:52,239 - root - INFO - ***** Passed *****
2024-02-01 14:11:56,336 - root - INFO - ********************** Test_002_DDT_Login  ************************
2024-02-01 14:11:56,336 - root - INFO - ********************** Verifying Login DDT Test  ************************
2024-02-01 14:12:07,479 - root - INFO - ***** Passed *****
2024-02-01 14:12:51,320 - root - INFO - ********************** Test_002_DDT_Login  ************************
2024-02-01 14:12:51,320 - root - INFO - ********************** Verifying Login DDT Test  ************************
2024-02-01 14:13:01,256 - root - INFO - ***** Passed *****
2024-02-01 14:15:07,772 - root - INFO - ********************** Test_002_DDT_Login  ************************
2024-02-01 14:15:07,772 - root - INFO - ********************** Verifying Login DDT Test  ************************
2024-02-01 14:15:16,218 - root - INFO - ***** Passed *****
2024-02-01 14:15:23,434 - root - INFO - ***** Passed *****
2024-02-01 14:17:15,433 - root - INFO - ********************** Test_002_DDT_Login  ************************
2024-02-01 14:17:15,433 - root - INFO - ********************** Verifying Login DDT Test  ************************
2024-02-01 14:17:26,123 - root - INFO - ***** Passed *****
2024-02-01 14:17:33,648 - root - INFO - ***** Passed *****
2024-02-01 14:19:17,374 - root - INFO - ********************** Test_002_DDT_Login  ************************
2024-02-01 14:19:17,374 - root - INFO - ********************** Verifying Login DDT Test  ************************
2024-02-01 14:19:26,341 - root - INFO - ***** Passed *****
2024-02-01 14:19:33,638 - root - INFO - ***** Passed *****
2024-02-01 14:22:13,644 - root - INFO - ********************** Test_002_DDT_Login  ************************
2024-02-01 14:22:13,644 - root - INFO - ********************** Verifying Login DDT Test  ************************
2024-02-01 14:22:22,374 - root - INFO - ***** Passed *****
2024-02-01 14:22:29,589 - root - INFO - ***** Passed *****
2024-02-01 14:25:56,757 - root - INFO - ********************** Test_002_DDT_Login  ************************
2024-02-01 14:25:56,757 - root - INFO - ********************** Verifying Login DDT Test  ************************
2024-02-01 14:26:05,843 - root - INFO - ***** Passed *****
2024-02-01 14:26:13,093 - root - INFO - ***** Passed *****
2024-02-01 14:31:59,023 - root - INFO - ********************** Test_002_DDT_Login  ************************
2024-02-01 14:31:59,023 - root - INFO - ********************** Verifying Login DDT Test  ************************
2024-02-01 14:32:08,394 - root - INFO - ***** Passed *****
2024-02-01 14:32:15,709 - root - INFO - ***** Passed *****
2024-02-01 14:42:05,577 - root - INFO - ********************** Test_002_DDT_Login  ************************
2024-02-01 14:42:05,577 - root - INFO - ********************** Verifying Login DDT Test  ************************
2024-02-01 14:42:19,921 - root - INFO - ***** Passed *****
2024-02-01 14:42:32,199 - root - INFO - ***** Passed *****
2024-02-01 14:44:17,121 - root - INFO - ********************** Test_002_DDT_Login  ************************
2024-02-01 14:44:17,121 - root - INFO - ********************** Verifying Login DDT Test  ************************
2024-02-01 14:44:31,651 - root - INFO - ***** Passed *****
2024-02-01 14:44:43,857 - root - INFO - ***** Passed *****
2024-02-01 14:44:54,671 - root - INFO - ***** Passed *****
2024-02-01 14:45:05,511 - root - INFO - ***** Passed *****
2024-02-01 14:45:05,511 - root - INFO - Login DDT Test case passed.....
2024-02-01 14:45:05,634 - root - INFO - ********************** End of Login DDT Test  ************************
2024-02-01 14:45:05,634 - root - INFO - ********************** Completed Test_002_DDT_Login ************************
2024-02-02 16:34:29,075 - root - INFO - ********************** Test_003_Add_Customer  ************************
2024-02-02 16:34:55,760 - root - INFO - ******************** Login Successful ************************
2024-02-02 16:34:55,763 - root - INFO - ********************** Starting Add Customer Test  ************************
2024-02-02 16:35:52,836 - root - INFO - ********************** Test_003_Add_Customer  ************************
2024-02-02 16:35:59,054 - root - INFO - ******************** Login Successful ************************
2024-02-02 16:36:09,057 - root - INFO - ********************** Starting Add Customer Test  ************************
2024-02-02 23:21:04,925 - root - INFO - ********************** Test_003_Add_Customer  ************************
2024-02-02 23:21:09,688 - root - INFO - ******************** Login Successful ************************
2024-02-02 23:21:19,695 - root - INFO - ********************** Starting Add Customer Test  ************************
2024-02-02 23:28:00,937 - root - INFO - ********************** Test_003_Add_Customer  ************************
2024-02-02 23:28:05,386 - root - INFO - ******************** Login Successful ************************
2024-02-02 23:28:15,388 - root - INFO - ********************** Starting Add Customer Test  ************************
2024-02-02 23:28:17,215 - root - INFO - ***************** Providing customer info****************
2024-02-02 23:29:54,813 - root - INFO - ********************** Test_003_Add_Customer  ************************
2024-02-02 23:29:59,600 - root - INFO - ******************** Login Successful ************************
2024-02-02 23:30:09,605 - root - INFO - ********************** Starting Add Customer Test  ************************
2024-02-02 23:30:20,893 - root - INFO - ***************** Providing customer info****************
2024-02-02 23:32:08,442 - root - INFO - ********************** Test_003_Add_Customer  ************************
2024-02-02 23:32:12,357 - root - INFO - ******************** Login Successful ************************
2024-02-02 23:32:22,361 - root - INFO - ********************** Starting Add Customer Test  ************************
2024-02-02 23:32:47,031 - root - INFO - ********************** Test_003_Add_Customer  ************************
2024-02-02 23:32:50,930 - root - INFO - ******************** Login Successful ************************
2024-02-02 23:33:00,933 - root - INFO - ********************** Starting Add Customer Test  ************************
2024-02-02 23:33:12,244 - root - INFO - ***************** Providing customer info****************
2024-02-02 23:35:54,973 - root - INFO - ********************** Test_003_Add_Customer  ************************
2024-02-02 23:35:58,156 - root - INFO - ******************** Login Successful ************************
2024-02-02 23:36:08,157 - root - INFO - ********************** Starting Add Customer Test  ************************
2024-02-02 23:36:19,419 - root - INFO - ***************** Providing customer info****************
2024-02-02 23:38:17,119 - root - INFO - ********************** Test_003_Add_Customer  ************************
2024-02-02 23:38:21,110 - root - INFO - ******************** Login Successful ************************
2024-02-02 23:38:31,111 - root - INFO - ********************** Starting Add Customer Test  ************************
2024-02-02 23:38:42,601 - root - INFO - ***************** Providing customer info****************
2024-02-02 23:41:52,339 - root - INFO - ********************** Test_003_Add_Customer  ************************
2024-02-02 23:41:56,344 - root - INFO - ******************** Login Successful ************************
2024-02-02 23:42:06,346 - root - INFO - ********************** Starting Add Customer Test  ************************
2024-02-02 23:42:17,686 - root - INFO - ***************** Providing customer info****************
2024-02-02 23:51:08,937 - root - INFO - ********************** Test_003_Add_Customer  ************************
2024-02-02 23:51:12,986 - root - INFO - ******************** Login Successful ************************
2024-02-02 23:51:22,988 - root - INFO - ********************** Starting Add Customer Test  ************************
2024-02-02 23:51:34,437 - root - INFO - ***************** Providing customer info****************
2024-02-02 23:51:47,019 - root - INFO - ********************** Test_003_Add_Customer  ************************
2024-02-02 23:51:50,858 - root - INFO - ******************** Login Successful ************************
2024-02-02 23:52:00,861 - root - INFO - ********************** Starting Add Customer Test  ************************
2024-02-02 23:52:12,099 - root - INFO - ***************** Providing customer info****************
2024-02-02 23:52:41,850 - root - INFO - ********************** Test_003_Add_Customer  ************************
2024-02-02 23:52:45,712 - root - INFO - ******************** Login Successful ************************
2024-02-02 23:52:55,712 - root - INFO - ********************** Starting Add Customer Test  ************************
2024-02-02 23:53:07,123 - root - INFO - ***************** Providing customer info****************
2024-02-02 23:56:57,801 - root - INFO - ********************** Test_003_Add_Customer  ************************
2024-02-02 23:57:02,645 - root - INFO - ******************** Login Successful ************************
2024-02-02 23:57:12,646 - root - INFO - ********************** Starting Add Customer Test  ************************
2024-02-02 23:58:21,898 - root - INFO - ********************** Test_003_Add_Customer  ************************
2024-02-02 23:58:26,652 - root - INFO - ******************** Login Successful ************************
2024-02-02 23:58:36,653 - root - INFO - ********************** Starting Add Customer Test  ************************
2024-02-02 23:58:48,213 - root - INFO - ***************** Providing customer info****************
2024-02-03 00:00:20,921 - root - INFO - ********************** Test_003_Add_Customer  ************************
2024-02-03 00:00:25,004 - root - INFO - ******************** Login Successful ************************
2024-02-03 00:00:35,009 - root - INFO - ********************** Starting Add Customer Test  ************************
2024-02-03 00:00:46,586 - root - INFO - ***************** Providing customer info****************
2024-02-03 00:07:29,641 - root - INFO - ********************** Test_003_Add_Customer  ************************
2024-02-03 00:07:34,475 - root - INFO - ******************** Login Successful ************************
2024-02-03 00:07:44,476 - root - INFO - ********************** Starting Add Customer Test  ************************
2024-02-03 00:07:55,806 - root - INFO - ***************** Providing customer info****************
2024-02-03 00:08:14,628 - root - INFO - ********************** Test_003_Add_Customer  ************************
2024-02-03 00:08:17,567 - root - INFO - ******************** Login Successful ************************
2024-02-03 00:08:27,572 - root - INFO - ********************** Starting Add Customer Test  ************************
2024-02-03 00:08:38,860 - root - INFO - ***************** Providing customer info****************
2024-02-03 00:38:34,862 - root - INFO - ********************** Test_003_Add_Customer  ************************
2024-02-03 00:38:38,698 - root - INFO - ******************** Login Successful ************************
2024-02-03 00:38:48,699 - root - INFO - ********************** Starting Add Customer Test  ************************
2024-02-03 00:39:00,169 - root - INFO - ***************** Providing customer info****************
2024-02-03 00:40:04,210 - root - INFO - ********************** Test_003_Add_Customer  ************************
2024-02-03 00:40:08,464 - root - INFO - ******************** Login Successful ************************
2024-02-03 00:40:18,465 - root - INFO - ********************** Starting Add Customer Test  ************************
2024-02-03 00:40:27,318 - root - INFO - ********************** Test_003_Add_Customer  ************************
2024-02-03 00:40:31,320 - root - INFO - ******************** Login Successful ************************
2024-02-03 00:40:41,321 - root - INFO - ********************** Starting Add Customer Test  ************************
2024-02-03 00:40:52,684 - root - INFO - ***************** Providing customer info****************
2024-02-03 00:42:11,391 - root - INFO - ********************** Test_003_Add_Customer  ************************
2024-02-03 00:42:19,188 - root - INFO - ******************** Login Successful ************************
2024-02-03 00:42:29,190 - root - INFO - ********************** Starting Add Customer Test  ************************
2024-02-03 00:42:40,478 - root - INFO - ***************** Providing customer info****************
2024-02-03 00:45:19,875 - root - INFO - ********************** Test_003_Add_Customer  ************************
2024-02-03 00:45:23,928 - root - INFO - ******************** Login Successful ************************
2024-02-03 00:45:33,930 - root - INFO - ********************** Starting Add Customer Test  ************************
2024-02-03 00:45:45,206 - root - INFO - ***************** Providing customer info****************
2024-02-03 00:47:56,288 - root - INFO - ********************** Test_003_Add_Customer  ************************
2024-02-03 00:48:00,283 - root - INFO - ******************** Login Successful ************************
2024-02-03 00:48:10,296 - root - INFO - ********************** Starting Add Customer Test  ************************
2024-02-03 00:48:21,633 - root - INFO - ***************** Providing customer info****************
2024-02-03 00:49:20,905 - root - INFO - ********************** Test_003_Add_Customer  ************************
2024-02-03 00:49:24,645 - root - INFO - ******************** Login Successful ************************
2024-02-03 00:49:34,645 - root - INFO - ********************** Starting Add Customer Test  ************************
2024-02-03 00:49:45,970 - root - INFO - ***************** Providing customer info****************
2024-02-03 00:54:11,446 - root - INFO - ********************** Test_003_Add_Customer  ************************
2024-02-03 00:54:15,458 - root - INFO - ******************** Login Successful ************************
2024-02-03 00:54:25,459 - root - INFO - ********************** Starting Add Customer Test  ************************
2024-02-03 00:54:36,817 - root - INFO - ***************** Providing customer info****************
2024-02-03 00:54:58,331 - root - INFO - ********************** Saving customer info **********************
2024-02-03 00:54:58,331 - root - INFO - ********************** Add customer validation started **********************
2024-02-03 00:58:15,357 - root - INFO - ********************** Test_003_Add_Customer  ************************
2024-02-03 00:58:19,187 - root - INFO - ******************** Login Successful ************************
2024-02-03 00:58:29,188 - root - INFO - ********************** Starting Add Customer Test  ************************
2024-02-03 00:58:40,597 - root - INFO - ***************** Providing customer info****************
2024-02-03 00:59:02,212 - root - INFO - ********************** Saving customer info **********************
2024-02-03 00:59:02,212 - root - INFO - ********************** Add customer validation started **********************
2024-02-03 00:59:02,420 - root - INFO - ********************* Add Customer test failed **********************
2024-02-03 00:59:55,224 - root - INFO - ********************** Test_003_Add_Customer  ************************
2024-02-03 00:59:58,346 - root - INFO - ******************** Login Successful ************************
2024-02-03 01:00:08,347 - root - INFO - ********************** Starting Add Customer Test  ************************
2024-02-03 01:00:19,727 - root - INFO - ***************** Providing customer info****************
2024-02-03 01:00:41,333 - root - INFO - ********************** Saving customer info **********************
2024-02-03 01:00:41,333 - root - INFO - ********************** Add customer validation started **********************
2024-02-03 01:00:41,557 - root - INFO - ********************* Add Customer test failed **********************
2024-02-03 01:05:47,367 - root - INFO - ********************** Test_003_Add_Customer  ************************
2024-02-03 01:05:51,577 - root - INFO - ******************** Login Successful ************************
2024-02-03 01:06:01,578 - root - INFO - ********************** Starting Add Customer Test  ************************
2024-02-03 01:06:13,152 - root - INFO - ***************** Providing customer info****************
2024-02-03 01:06:29,117 - root - INFO - ********************** Saving customer info **********************
2024-02-03 01:06:29,117 - root - INFO - ********************** Add customer validation started **********************
2024-02-03 01:06:29,153 - root - INFO - ********************* Add Customer test passed **********************
2024-02-03 01:06:34,946 - root - INFO - *********************** add_customer Test ended ************************
2024-02-03 01:08:42,849 - root - INFO - ********************** Test_003_Add_Customer  ************************
2024-02-03 01:08:47,512 - root - INFO - ******************** Login Successful ************************
2024-02-03 01:08:57,513 - root - INFO - ********************** Starting Add Customer Test  ************************
2024-02-03 01:09:08,836 - root - INFO - ***************** Providing customer info****************
2024-02-03 01:09:30,622 - root - INFO - ********************** Saving customer info **********************
2024-02-03 01:09:30,622 - root - INFO - ********************** Add customer validation started **********************
2024-02-03 01:09:30,650 - root - INFO - ********************* Add Customer test passed **********************
2024-02-03 01:09:52,045 - root - INFO - ********************** Saving customer info **********************
2024-02-03 01:09:52,045 - root - INFO - ********************** Add customer validation started **********************
2024-02-03 01:09:52,083 - root - INFO - ********************* Add Customer test passed **********************
2024-02-03 01:10:10,457 - root - INFO - ********************** Saving customer info **********************
2024-02-03 01:10:10,457 - root - INFO - ********************** Add customer validation started **********************
2024-02-03 01:10:10,500 - root - INFO - ********************* Add Customer test passed **********************
2024-02-03 01:10:28,859 - root - INFO - ********************** Saving customer info **********************
2024-02-03 01:10:28,859 - root - INFO - ********************** Add customer validation started **********************
2024-02-03 01:10:28,886 - root - INFO - ********************* Add Customer test passed **********************
2024-02-03 01:10:47,159 - root - INFO - ********************** Saving customer info **********************
2024-02-03 01:10:47,159 - root - INFO - ********************** Add customer validation started **********************
2024-02-03 01:10:47,170 - root - INFO - ********************* Add Customer test passed **********************
2024-02-03 01:10:52,758 - root - INFO - *********************** add_customer Test ended ************************
2024-02-03 12:10:49,872 - root - INFO - ********************** Test_003_Add_Customer  ************************
2024-02-03 12:11:00,833 - root - INFO - ******************** Login Successful ************************
2024-02-03 12:11:10,834 - root - INFO - ********************** Starting Add Customer Test  ************************
2024-02-03 12:11:20,751 - root - INFO - ********************** Test_003_Add_Customer  ************************
2024-02-03 12:11:25,432 - root - INFO - ******************** Login Successful ************************
2024-02-03 12:11:35,434 - root - INFO - ********************** Starting Add Customer Test  ************************
2024-02-03 12:11:47,711 - root - INFO - ***************** Providing customer info****************
2024-02-03 12:12:04,537 - root - INFO - ********************** Saving customer info **********************
2024-02-03 12:12:04,537 - root - INFO - ********************** Add customer validation started **********************
2024-02-03 12:12:04,571 - root - INFO - ********************* Add Customer test passed **********************
2024-02-03 12:12:26,853 - root - INFO - ********************** Saving customer info **********************
2024-02-03 12:12:26,853 - root - INFO - ********************** Add customer validation started **********************
2024-02-03 12:12:26,878 - root - INFO - ********************* Add Customer test passed **********************
2024-02-03 12:12:46,119 - root - INFO - ********************** Saving customer info **********************
2024-02-03 12:12:46,119 - root - INFO - ********************** Add customer validation started **********************
2024-02-03 12:12:46,153 - root - INFO - ********************* Add Customer test passed **********************
2024-02-03 12:13:05,252 - root - INFO - ********************** Saving customer info **********************
2024-02-03 12:13:05,252 - root - INFO - ********************** Add customer validation started **********************
2024-02-03 12:13:05,273 - root - INFO - ********************* Add Customer test passed **********************
2024-02-03 12:13:24,522 - root - INFO - ********************** Saving customer info **********************
2024-02-03 12:13:24,522 - root - INFO - ********************** Add customer validation started **********************
2024-02-03 12:13:24,536 - root - INFO - ********************* Add Customer test passed **********************
2024-02-03 12:13:30,223 - root - INFO - *********************** add_customer Test ended ************************
2024-02-03 12:19:10,459 - root - INFO - ********************** Test_003_Add_Customer  ************************
2024-02-03 12:19:15,960 - root - INFO - ******************** Login Successful ************************
2024-02-03 12:19:25,961 - root - INFO - ********************** Starting Add Customer Test  ************************
2024-02-03 12:19:37,429 - root - INFO - ***************** Providing customer info****************
2024-02-03 12:21:28,553 - root - INFO - ********************** Test_003_Add_Customer  ************************
2024-02-03 12:21:32,696 - root - INFO - ******************** Login Successful ************************
2024-02-03 12:21:42,699 - root - INFO - ********************** Starting Add Customer Test  ************************
2024-02-03 12:21:54,140 - root - INFO - ***************** Providing customer info****************
2024-02-03 12:22:07,574 - root - INFO - ********************** Saving customer info **********************
2024-02-03 12:22:07,574 - root - INFO - ********************** Add customer validation started **********************
2024-02-03 12:26:45,572 - root - INFO - ********************** Test_003_Add_Customer  ************************
2024-02-03 12:26:50,374 - root - INFO - ******************** Login Successful ************************
2024-02-03 12:27:00,376 - root - INFO - ********************** Starting Add Customer Test  ************************
2024-02-03 12:27:12,077 - root - INFO - ***************** Providing customer info****************
2024-02-03 12:27:25,451 - root - INFO - ********************** Saving customer info **********************
2024-02-03 12:27:25,451 - root - INFO - ********************** Add customer validation started **********************
2024-02-03 12:28:11,641 - root - INFO - ********************** Test_003_Add_Customer  ************************
2024-02-03 12:28:16,737 - root - INFO - ******************** Login Successful ************************
2024-02-03 12:28:26,746 - root - INFO - ********************** Starting Add Customer Test  ************************
2024-02-03 12:28:38,186 - root - INFO - ***************** Providing customer info****************
2024-02-03 12:28:55,052 - root - INFO - ********************** Saving customer info **********************
2024-02-03 12:28:55,052 - root - INFO - ********************** Add customer validation started **********************
2024-02-03 12:28:55,083 - root - INFO - ********************* Add Customer test passed **********************
2024-02-03 12:29:17,293 - root - INFO - ********************** Saving customer info **********************
2024-02-03 12:29:17,293 - root - INFO - ********************** Add customer validation started **********************
2024-02-03 12:29:17,309 - root - INFO - ********************* Add Customer test passed **********************
2024-02-03 12:29:36,477 - root - INFO - ********************** Saving customer info **********************
2024-02-03 12:29:36,477 - root - INFO - ********************** Add customer validation started **********************
2024-02-03 12:29:36,501 - root - INFO - ********************* Add Customer test passed **********************
2024-02-03 12:29:55,569 - root - INFO - ********************** Saving customer info **********************
2024-02-03 12:29:55,569 - root - INFO - ********************** Add customer validation started **********************
2024-02-03 12:29:55,594 - root - INFO - ********************* Add Customer test passed **********************
2024-02-03 12:30:14,884 - root - INFO - ********************** Saving customer info **********************
2024-02-03 12:30:14,884 - root - INFO - ********************** Add customer validation started **********************
2024-02-03 12:30:14,894 - root - INFO - ********************* Add Customer test passed **********************
2024-02-03 12:30:20,552 - root - INFO - *********************** add_customer Test ended ************************
2024-02-03 12:50:34,866 - root - INFO - ********************** Test_003_Add_Customer  ************************
2024-02-03 12:50:40,201 - root - INFO - ******************** Login Successful ************************
2024-02-03 12:50:50,203 - root - INFO - ********************** Starting Add Customer Test  ************************
2024-02-03 12:50:59,943 - root - INFO - ********************** Test_003_Add_Customer  ************************
2024-02-03 12:51:04,165 - root - INFO - ******************** Login Successful ************************
2024-02-03 12:51:14,166 - root - INFO - ********************** Starting Add Customer Test  ************************
2024-02-03 12:52:05,698 - root - INFO - ********************** Test_003_Add_Customer  ************************
2024-02-03 12:52:10,057 - root - INFO - ******************** Login Successful ************************
2024-02-03 12:52:20,059 - root - INFO - ********************** Starting Add Customer Test  ************************
2024-02-03 12:52:34,638 - root - INFO - ***************** Providing customer info****************
2024-02-03 12:56:05,481 - root - INFO - ********************** Test_003_Add_Customer  ************************
2024-02-03 12:56:10,507 - root - INFO - ******************** Login Successful ************************
2024-02-03 12:56:20,509 - root - INFO - ********************** Starting Add Customer Test  ************************
2024-02-03 12:56:35,366 - root - INFO - ***************** Providing customer info****************
2024-02-03 13:03:04,130 - root - INFO - ********************** Test_003_Add_Customer  ************************
2024-02-03 13:03:10,187 - root - INFO - ******************** Login Successful ************************
2024-02-03 13:03:20,188 - root - INFO - ********************** Starting Add Customer Test  ************************
2024-02-03 13:03:35,070 - root - INFO - ***************** Providing customer info****************
2024-02-03 13:09:46,881 - root - INFO - ********************** Test_003_Add_Customer  ************************
2024-02-03 13:09:51,929 - root - INFO - ******************** Login Successful ************************
2024-02-03 13:10:01,930 - root - INFO - ********************** Starting Add Customer Test  ************************
2024-02-03 13:10:16,446 - root - INFO - ***************** Providing customer info****************
2024-02-03 13:25:07,878 - root - INFO - ********************** Test_003_Add_Customer  ************************
2024-02-03 13:25:13,093 - root - INFO - ******************** Login Successful ************************
2024-02-03 13:25:23,093 - root - INFO - ********************** Starting Add Customer Test  ************************
2024-02-03 13:25:37,687 - root - INFO - ***************** Providing customer info****************
2024-02-03 13:29:47,101 - root - INFO - ********************** Test_003_Add_Customer  ************************
2024-02-03 13:29:51,743 - root - INFO - ******************** Login Successful ************************
2024-02-03 13:30:01,744 - root - INFO - ********************** Starting Add Customer Test  ************************
2024-02-03 13:30:16,202 - root - INFO - ***************** Providing customer info****************
2024-02-03 13:32:10,166 - root - INFO - ********************** Test_003_Add_Customer  ************************
2024-02-03 13:32:13,755 - root - INFO - ******************** Login Successful ************************
2024-02-03 13:32:23,756 - root - INFO - ********************** Starting Add Customer Test  ************************
2024-02-03 13:32:38,230 - root - INFO - ***************** Providing customer info****************
2024-02-03 13:32:54,354 - root - INFO - ********************** Saving customer info **********************
2024-02-03 13:32:54,354 - root - INFO - ********************** Add customer validation started **********************
2024-02-03 13:32:54,395 - root - INFO - ********************* Add Customer test passed **********************
2024-02-03 13:33:15,899 - root - INFO - ********************** Saving customer info **********************
2024-02-03 13:33:15,899 - root - INFO - ********************** Add customer validation started **********************
2024-02-03 13:33:15,928 - root - INFO - ********************* Add Customer test passed **********************
2024-02-03 13:33:34,222 - root - INFO - ********************** Saving customer info **********************
2024-02-03 13:33:34,222 - root - INFO - ********************** Add customer validation started **********************
2024-02-03 13:33:34,260 - root - INFO - ********************* Add Customer test passed **********************
2024-02-03 13:33:52,685 - root - INFO - ********************** Saving customer info **********************
2024-02-03 13:33:52,685 - root - INFO - ********************** Add customer validation started **********************
2024-02-03 13:33:52,700 - root - INFO - ********************* Add Customer test passed **********************
2024-02-03 13:34:11,039 - root - INFO - ********************** Saving customer info **********************
2024-02-03 13:34:11,039 - root - INFO - ********************** Add customer validation started **********************
2024-02-03 13:34:11,065 - root - INFO - ********************* Add Customer test passed **********************
2024-02-03 13:34:16,673 - root - INFO - *********************** add_customer Test ended ************************
2024-02-03 23:44:46,024 - root - INFO - ********************** Test_003_Add_Customer  ************************
2024-02-03 23:44:46,024 - root - INFO - ********************** Test_003_Add_Customer  ************************
2024-02-03 23:44:46,024 - root - INFO - ********************** Test_003_Add_Customer  ************************
2024-02-03 23:44:50,333 - root - INFO - ******************** Login Successful ************************
2024-02-03 23:44:50,333 - root - INFO - ******************** Login Successful ************************
2024-02-03 23:44:50,333 - root - INFO - ******************** Login Successful ************************
2024-02-03 23:45:00,335 - root - INFO - ********************** Starting Add Customer Test  ************************
2024-02-03 23:45:00,335 - root - INFO - ********************** Starting Add Customer Test  ************************
2024-02-03 23:45:00,335 - root - INFO - ********************** Starting Add Customer Test  ************************
2024-02-03 23:45:14,802 - root - INFO - ***************** Providing customer info****************
2024-02-03 23:45:14,802 - root - INFO - ***************** Providing customer info****************
2024-02-03 23:45:14,802 - root - INFO - ***************** Providing customer info****************
2024-02-03 23:45:31,708 - root - INFO - ********************** Saving customer info **********************
2024-02-03 23:45:31,708 - root - INFO - ********************** Saving customer info **********************
2024-02-03 23:45:31,708 - root - INFO - ********************** Saving customer info **********************
2024-02-03 23:45:31,708 - root - INFO - ********************** Add customer validation started **********************
2024-02-03 23:45:31,708 - root - INFO - ********************** Add customer validation started **********************
2024-02-03 23:45:31,708 - root - INFO - ********************** Add customer validation started **********************
2024-02-03 23:45:31,742 - root - INFO - ********************* Add Customer test passed **********************
2024-02-03 23:45:31,742 - root - INFO - ********************* Add Customer test passed **********************
2024-02-03 23:45:31,742 - root - INFO - ********************* Add Customer test passed **********************
2024-02-03 23:45:53,949 - root - INFO - ********************** Saving customer info **********************
2024-02-03 23:45:53,949 - root - INFO - ********************** Saving customer info **********************
2024-02-03 23:45:53,949 - root - INFO - ********************** Saving customer info **********************
2024-02-03 23:45:53,949 - root - INFO - ********************** Add customer validation started **********************
2024-02-03 23:45:53,949 - root - INFO - ********************** Add customer validation started **********************
2024-02-03 23:45:53,949 - root - INFO - ********************** Add customer validation started **********************
2024-02-03 23:45:53,971 - root - INFO - ********************* Add Customer test passed **********************
2024-02-03 23:45:53,971 - root - INFO - ********************* Add Customer test passed **********************
2024-02-03 23:45:53,971 - root - INFO - ********************* Add Customer test passed **********************
2024-02-03 23:46:13,114 - root - INFO - ********************** Saving customer info **********************
2024-02-03 23:46:13,114 - root - INFO - ********************** Saving customer info **********************
2024-02-03 23:46:13,114 - root - INFO - ********************** Saving customer info **********************
2024-02-03 23:46:13,114 - root - INFO - ********************** Add customer validation started **********************
2024-02-03 23:46:13,114 - root - INFO - ********************** Add customer validation started **********************
2024-02-03 23:46:13,114 - root - INFO - ********************** Add customer validation started **********************
2024-02-03 23:46:13,139 - root - INFO - ********************* Add Customer test passed **********************
2024-02-03 23:46:13,139 - root - INFO - ********************* Add Customer test passed **********************
2024-02-03 23:46:13,139 - root - INFO - ********************* Add Customer test passed **********************
2024-02-03 23:46:32,151 - root - INFO - ********************** Saving customer info **********************
2024-02-03 23:46:32,151 - root - INFO - ********************** Saving customer info **********************
2024-02-03 23:46:32,151 - root - INFO - ********************** Saving customer info **********************
2024-02-03 23:46:32,151 - root - INFO - ********************** Add customer validation started **********************
2024-02-03 23:46:32,151 - root - INFO - ********************** Add customer validation started **********************
2024-02-03 23:46:32,151 - root - INFO - ********************** Add customer validation started **********************
2024-02-03 23:46:32,176 - root - INFO - ********************* Add Customer test passed **********************
2024-02-03 23:46:32,176 - root - INFO - ********************* Add Customer test passed **********************
2024-02-03 23:46:32,176 - root - INFO - ********************* Add Customer test passed **********************
2024-02-03 23:46:51,353 - root - INFO - ********************** Saving customer info **********************
2024-02-03 23:46:51,353 - root - INFO - ********************** Saving customer info **********************
2024-02-03 23:46:51,353 - root - INFO - ********************** Saving customer info **********************
2024-02-03 23:46:51,353 - root - INFO - ********************** Add customer validation started **********************
2024-02-03 23:46:51,353 - root - INFO - ********************** Add customer validation started **********************
2024-02-03 23:46:51,353 - root - INFO - ********************** Add customer validation started **********************
2024-02-03 23:46:51,366 - root - INFO - ********************* Add Customer test passed **********************
2024-02-03 23:46:51,366 - root - INFO - ********************* Add Customer test passed **********************
2024-02-03 23:46:51,366 - root - INFO - ********************* Add Customer test passed **********************
2024-02-03 23:46:56,971 - root - INFO - *********************** add_customer Test ended ************************
2024-02-03 23:46:56,971 - root - INFO - *********************** add_customer Test ended ************************
2024-02-03 23:46:56,971 - root - INFO - *********************** add_customer Test ended ************************
2024-02-03 23:46:58,617 - root - INFO - ********************** Verifying Log in  ************************
2024-02-03 23:46:58,617 - root - INFO - ********************** Verifying Log in  ************************
2024-02-03 23:46:58,617 - root - INFO - ********************** Verifying Log in  ************************
2024-02-03 23:47:03,298 - root - INFO - ********************** Login Test case passed  ************************
2024-02-03 23:47:03,298 - root - INFO - ********************** Login Test case passed  ************************
2024-02-03 23:47:03,298 - root - INFO - ********************** Login Test case passed  ************************
2024-02-03 23:47:04,777 - root - INFO - ********************** Test_002_DDT_Login  ************************
2024-02-03 23:47:04,777 - root - INFO - ********************** Test_002_DDT_Login  ************************
2024-02-03 23:47:04,777 - root - INFO - ********************** Test_002_DDT_Login  ************************
2024-02-03 23:47:04,777 - root - INFO - ********************** Verifying Login DDT Test  ************************
2024-02-03 23:47:04,777 - root - INFO - ********************** Verifying Login DDT Test  ************************
2024-02-03 23:47:04,777 - root - INFO - ********************** Verifying Login DDT Test  ************************
2024-02-03 23:47:13,435 - root - INFO - ***** Passed *****
2024-02-03 23:47:13,435 - root - INFO - ***** Passed *****
2024-02-03 23:47:13,435 - root - INFO - ***** Passed *****
2024-02-03 23:47:20,870 - root - INFO - ***** Passed *****
2024-02-03 23:47:20,870 - root - INFO - ***** Passed *****
2024-02-03 23:47:20,870 - root - INFO - ***** Passed *****
2024-02-03 23:47:26,812 - root - INFO - ***** Passed *****
2024-02-03 23:47:26,812 - root - INFO - ***** Passed *****
2024-02-03 23:47:26,812 - root - INFO - ***** Passed *****
2024-02-03 23:47:32,696 - root - INFO - ***** Passed *****
2024-02-03 23:47:32,696 - root - INFO - ***** Passed *****
2024-02-03 23:47:32,696 - root - INFO - ***** Passed *****
2024-02-03 23:47:32,696 - root - INFO - Login DDT Test case passed.....
2024-02-03 23:47:32,696 - root - INFO - Login DDT Test case passed.....
2024-02-03 23:47:32,696 - root - INFO - Login DDT Test case passed.....
2024-02-03 23:47:32,821 - root - INFO - ********************** End of Login DDT Test  ************************
2024-02-03 23:47:32,821 - root - INFO - ********************** End of Login DDT Test  ************************
2024-02-03 23:47:32,821 - root - INFO - ********************** End of Login DDT Test  ************************
2024-02-03 23:47:32,821 - root - INFO - ********************** Completed Test_002_DDT_Login ************************
2024-02-03 23:47:32,821 - root - INFO - ********************** Completed Test_002_DDT_Login ************************
2024-02-03 23:47:32,821 - root - INFO - ********************** Completed Test_002_DDT_Login ************************
2024-02-03 23:54:38,593 - root - INFO - ********************** Test_001_Login ************************
2024-02-03 23:54:38,593 - root - INFO - ********************** Test_001_Login ************************
2024-02-03 23:54:38,593 - root - INFO - ********************** Test_001_Login ************************
2024-02-03 23:54:38,593 - root - INFO - ********************** Verifying Home Page Title  ************************
2024-02-03 23:54:38,593 - root - INFO - ********************** Verifying Home Page Title  ************************
2024-02-03 23:54:38,593 - root - INFO - ********************** Verifying Home Page Title  ************************
2024-02-03 23:54:41,927 - root - INFO - ********************** Home Page Title test case is passed ************************
2024-02-03 23:54:41,927 - root - INFO - ********************** Home Page Title test case is passed ************************
2024-02-03 23:54:41,927 - root - INFO - ********************** Home Page Title test case is passed ************************
2024-02-03 23:54:43,340 - root - INFO - ********************** Verifying Log in  ************************
2024-02-03 23:54:43,340 - root - INFO - ********************** Verifying Log in  ************************
2024-02-03 23:54:43,340 - root - INFO - ********************** Verifying Log in  ************************
2024-02-03 23:54:48,207 - root - INFO - ********************** Login Test case passed  ************************
2024-02-03 23:54:48,207 - root - INFO - ********************** Login Test case passed  ************************
2024-02-03 23:54:48,207 - root - INFO - ********************** Login Test case passed  ************************
2024-02-03 23:54:49,728 - root - INFO - ********************** Test_002_DDT_Login  ************************
2024-02-03 23:54:49,728 - root - INFO - ********************** Test_002_DDT_Login  ************************
2024-02-03 23:54:49,728 - root - INFO - ********************** Test_002_DDT_Login  ************************
2024-02-03 23:54:49,728 - root - INFO - ********************** Verifying Login DDT Test  ************************
2024-02-03 23:54:49,728 - root - INFO - ********************** Verifying Login DDT Test  ************************
2024-02-03 23:54:49,728 - root - INFO - ********************** Verifying Login DDT Test  ************************
2024-02-03 23:54:58,697 - root - INFO - ***** Passed *****
2024-02-03 23:54:58,697 - root - INFO - ***** Passed *****
2024-02-03 23:54:58,697 - root - INFO - ***** Passed *****
2024-02-03 23:55:05,960 - root - INFO - ***** Passed *****
2024-02-03 23:55:05,960 - root - INFO - ***** Passed *****
2024-02-03 23:55:05,960 - root - INFO - ***** Passed *****
2024-02-03 23:55:11,830 - root - INFO - ***** Passed *****
2024-02-03 23:55:11,830 - root - INFO - ***** Passed *****
2024-02-03 23:55:11,830 - root - INFO - ***** Passed *****
2024-02-03 23:55:17,665 - root - INFO - ***** Passed *****
2024-02-03 23:55:17,665 - root - INFO - ***** Passed *****
2024-02-03 23:55:17,665 - root - INFO - ***** Passed *****
2024-02-03 23:55:17,665 - root - INFO - Login DDT Test case passed.....
2024-02-03 23:55:17,665 - root - INFO - Login DDT Test case passed.....
2024-02-03 23:55:17,665 - root - INFO - Login DDT Test case passed.....
2024-02-03 23:55:17,767 - root - INFO - ********************** End of Login DDT Test  ************************
2024-02-03 23:55:17,767 - root - INFO - ********************** End of Login DDT Test  ************************
2024-02-03 23:55:17,767 - root - INFO - ********************** End of Login DDT Test  ************************
2024-02-03 23:55:17,767 - root - INFO - ********************** Completed Test_002_DDT_Login ************************
2024-02-03 23:55:17,767 - root - INFO - ********************** Completed Test_002_DDT_Login ************************
2024-02-03 23:55:17,767 - root - INFO - ********************** Completed Test_002_DDT_Login ************************
2024-02-04 00:45:27,739 - root - INFO - ********************** Test_001_Login ************************
2024-02-04 00:45:27,739 - root - INFO - ********************** Test_001_Login ************************
2024-02-04 00:45:27,739 - root - INFO - ********************** Test_001_Login ************************
2024-02-04 00:45:27,739 - root - INFO - ********************** Verifying Home Page Title  ************************
2024-02-04 00:45:27,739 - root - INFO - ********************** Verifying Home Page Title  ************************
2024-02-04 00:45:27,739 - root - INFO - ********************** Verifying Home Page Title  ************************
2024-02-04 00:45:30,806 - root - INFO - ********************** Home Page Title test case is passed ************************
2024-02-04 00:45:30,806 - root - INFO - ********************** Home Page Title test case is passed ************************
2024-02-04 00:45:30,806 - root - INFO - ********************** Home Page Title test case is passed ************************
2024-02-04 00:45:32,273 - root - INFO - ********************** Verifying Log in  ************************
2024-02-04 00:45:32,273 - root - INFO - ********************** Verifying Log in  ************************
2024-02-04 00:45:32,273 - root - INFO - ********************** Verifying Log in  ************************
2024-02-04 00:45:36,106 - root - INFO - ********************** Login Test case passed  ************************
2024-02-04 00:45:36,106 - root - INFO - ********************** Login Test case passed  ************************
2024-02-04 00:45:36,106 - root - INFO - ********************** Login Test case passed  ************************
2024-02-04 00:45:37,657 - root - INFO - ********************** Test_002_DDT_Login  ************************
2024-02-04 00:45:37,657 - root - INFO - ********************** Test_002_DDT_Login  ************************
2024-02-04 00:45:37,657 - root - INFO - ********************** Test_002_DDT_Login  ************************
2024-02-04 00:45:37,658 - root - INFO - ********************** Verifying Login DDT Test  ************************
2024-02-04 00:45:37,658 - root - INFO - ********************** Verifying Login DDT Test  ************************
2024-02-04 00:45:37,658 - root - INFO - ********************** Verifying Login DDT Test  ************************
2024-02-04 00:45:46,612 - root - INFO - ***** Passed *****
2024-02-04 00:45:46,612 - root - INFO - ***** Passed *****
2024-02-04 00:45:46,612 - root - INFO - ***** Passed *****
2024-02-04 00:45:53,763 - root - INFO - ***** Passed *****
2024-02-04 00:45:53,763 - root - INFO - ***** Passed *****
2024-02-04 00:45:53,763 - root - INFO - ***** Passed *****
2024-02-04 00:45:59,401 - root - INFO - ***** Passed *****
2024-02-04 00:45:59,401 - root - INFO - ***** Passed *****
2024-02-04 00:45:59,401 - root - INFO - ***** Passed *****
2024-02-04 00:46:05,062 - root - INFO - ***** Passed *****
2024-02-04 00:46:05,062 - root - INFO - ***** Passed *****
2024-02-04 00:46:05,062 - root - INFO - ***** Passed *****
2024-02-04 00:46:05,062 - root - INFO - Login DDT Test case passed.....
2024-02-04 00:46:05,062 - root - INFO - Login DDT Test case passed.....
2024-02-04 00:46:05,062 - root - INFO - Login DDT Test case passed.....
2024-02-04 00:46:05,179 - root - INFO - ********************** End of Login DDT Test  ************************
2024-02-04 00:46:05,179 - root - INFO - ********************** End of Login DDT Test  ************************
2024-02-04 00:46:05,179 - root - INFO - ********************** End of Login DDT Test  ************************
2024-02-04 00:46:05,180 - root - INFO - ********************** Completed Test_002_DDT_Login ************************
2024-02-04 00:46:05,180 - root - INFO - ********************** Completed Test_002_DDT_Login ************************
2024-02-04 00:46:05,180 - root - INFO - ********************** Completed Test_002_DDT_Login ************************
2024-02-04 00:46:36,543 - root - INFO - ********************** Test_001_Login ************************
2024-02-04 00:46:36,543 - root - INFO - ********************** Test_001_Login ************************
2024-02-04 00:46:36,543 - root - INFO - ********************** Test_001_Login ************************
2024-02-04 00:46:36,544 - root - INFO - ********************** Verifying Home Page Title  ************************
2024-02-04 00:46:36,544 - root - INFO - ********************** Verifying Home Page Title  ************************
2024-02-04 00:46:36,544 - root - INFO - ********************** Verifying Home Page Title  ************************
2024-02-04 00:46:37,924 - root - INFO - ********************** Home Page Title test case is passed ************************
2024-02-04 00:46:37,924 - root - INFO - ********************** Home Page Title test case is passed ************************
2024-02-04 00:46:37,924 - root - INFO - ********************** Home Page Title test case is passed ************************
2024-02-04 00:46:39,304 - root - INFO - ********************** Verifying Log in  ************************
2024-02-04 00:46:39,304 - root - INFO - ********************** Verifying Log in  ************************
2024-02-04 00:46:39,304 - root - INFO - ********************** Verifying Log in  ************************
2024-02-04 00:46:45,177 - root - INFO - ********************** Login Test case passed  ************************
2024-02-04 00:46:45,177 - root - INFO - ********************** Login Test case passed  ************************
2024-02-04 00:46:45,177 - root - INFO - ********************** Login Test case passed  ************************
2024-02-04 00:46:46,639 - root - INFO - ********************** Test_002_DDT_Login  ************************
2024-02-04 00:46:46,639 - root - INFO - ********************** Test_002_DDT_Login  ************************
2024-02-04 00:46:46,639 - root - INFO - ********************** Test_002_DDT_Login  ************************
2024-02-04 00:46:46,640 - root - INFO - ********************** Verifying Login DDT Test  ************************
2024-02-04 00:46:46,640 - root - INFO - ********************** Verifying Login DDT Test  ************************
2024-02-04 00:46:46,640 - root - INFO - ********************** Verifying Login DDT Test  ************************
2024-02-04 00:46:54,682 - root - INFO - ***** Passed *****
2024-02-04 00:46:54,682 - root - INFO - ***** Passed *****
2024-02-04 00:46:54,682 - root - INFO - ***** Passed *****
2024-02-04 00:47:02,112 - root - INFO - ***** Passed *****
2024-02-04 00:47:02,112 - root - INFO - ***** Passed *****
2024-02-04 00:47:02,112 - root - INFO - ***** Passed *****
2024-02-04 00:47:07,766 - root - INFO - ***** Passed *****
2024-02-04 00:47:07,766 - root - INFO - ***** Passed *****
2024-02-04 00:47:07,766 - root - INFO - ***** Passed *****
2024-02-04 00:47:13,443 - root - INFO - ***** Passed *****
2024-02-04 00:47:13,443 - root - INFO - ***** Passed *****
2024-02-04 00:47:13,443 - root - INFO - ***** Passed *****
2024-02-04 00:47:13,443 - root - INFO - Login DDT Test case passed.....
2024-02-04 00:47:13,443 - root - INFO - Login DDT Test case passed.....
2024-02-04 00:47:13,443 - root - INFO - Login DDT Test case passed.....
2024-02-04 00:47:13,548 - root - INFO - ********************** End of Login DDT Test  ************************
2024-02-04 00:47:13,548 - root - INFO - ********************** End of Login DDT Test  ************************
2024-02-04 00:47:13,548 - root - INFO - ********************** End of Login DDT Test  ************************
2024-02-04 00:47:13,548 - root - INFO - ********************** Completed Test_002_DDT_Login ************************
2024-02-04 00:47:13,548 - root - INFO - ********************** Completed Test_002_DDT_Login ************************
2024-02-04 00:47:13,548 - root - INFO - ********************** Completed Test_002_DDT_Login ************************
2024-02-28 21:20:13,831 - root - INFO - ********************** Test_004_Search_CustomerbyEmail  ************************
2024-02-28 21:20:17,866 - root - INFO - ******************** Login Successful ************************
2024-02-28 21:20:27,867 - root - INFO - ********************** Starting Search Customer by email Test ************************
2024-02-28 21:20:36,620 - root - INFO - ***************** Providing customer info****************
2024-02-28 21:22:23,973 - root - INFO - ********************** Test_004_Search_CustomerbyEmail  ************************
2024-02-28 21:22:28,251 - root - INFO - ******************** Login Successful ************************
2024-02-28 21:22:38,252 - root - INFO - ********************** Starting Search Customer by email Test ************************
2024-02-28 21:22:47,102 - root - INFO - ***************** Providing customer info****************
2024-02-28 21:23:41,310 - root - INFO - ********************** Test_004_Search_CustomerbyEmail  ************************
2024-02-28 21:24:08,774 - root - INFO - ********************** Test_004_Search_CustomerbyEmail  ************************
2024-02-28 21:24:13,382 - root - INFO - ******************** Login Successful ************************
2024-02-28 21:24:23,383 - root - INFO - ********************** Starting Search Customer by email Test ************************
2024-02-28 21:24:38,098 - root - INFO - ***************** Providing customer info****************
2024-02-28 21:26:20,720 - root - INFO - ********************** Test_004_Search_CustomerbyEmail  ************************
2024-02-28 21:26:33,340 - root - INFO - ********************** Test_004_Search_CustomerbyEmail  ************************
2024-02-28 21:26:37,501 - root - INFO - ******************** Login Successful ************************
2024-02-28 21:26:47,501 - root - INFO - ********************** Starting Search Customer by email Test ************************
2024-02-28 21:27:01,907 - root - INFO - ***************** Providing customer info****************
2024-02-28 21:27:49,367 - root - INFO - ********************** Test_004_Search_CustomerbyEmail  ************************
2024-02-28 21:27:53,686 - root - INFO - ******************** Login Successful ************************
2024-02-28 21:28:03,688 - root - INFO - ********************** Starting Search Customer by email Test ************************
2024-02-28 21:28:18,065 - root - INFO - ***************** Providing customer info****************
2024-02-28 21:29:57,603 - root - INFO - ********************** Searching customer by email *******************************
2024-02-28 21:34:55,097 - root - INFO - ********************** Test_004_Search_CustomerbyEmail  ************************
2024-02-28 21:35:00,985 - root - INFO - ******************** Login Successful ************************
2024-02-28 21:35:10,987 - root - INFO - ********************** Starting Search Customer by email Test ************************
2024-02-28 21:35:25,550 - root - INFO - ***************** Providing customer info****************
2024-02-28 21:37:27,980 - root - INFO - ********************** Searching customer by email *******************************
2024-02-28 21:39:55,886 - root - INFO - ********************** Test_004_Search_CustomerbyEmail  ************************
2024-02-28 21:40:00,585 - root - INFO - ******************** Login Successful ************************
2024-02-28 21:40:10,586 - root - INFO - ********************** Starting Search Customer by email Test ************************
2024-02-28 21:40:26,775 - root - INFO - ***************** Providing customer info****************
2024-02-28 21:42:00,442 - root - INFO - ********************** Searching customer by email *******************************
